<?xml version="1.0" encoding="UTF-8"?>
<!-- Generated by org.testng.reporters.JUnitReportReporter -->
<testsuite hostname="DESKTOP-P3UE1IC" failures="0" tests="1" name="testCases.switchToWindow" time="0.005" errors="0" timestamp="2022-01-28T14:58:20 IST" skipped="0">
  <testcase classname="testCases.switchToWindow" name="switchWin" time="0.005"/>
  <system-out/>
</testsuite> <!-- testCases.switchToWindow -->
